Build started 27/03/2014 20:36:09.
     1>Project "C:\Users\Catherine\Documents\Visual Studio 2012\Projects\Game_Application\Game_Application\Game_Application\Game_Application.vcxproj" on node 2 (Rebuild target(s)).
     1>ClCompile:
         C:\Program Files (x86)\Microsoft Visual Studio 11.0\VC\bin\CL.exe /c /ZI /nologo /W3 /WX- /sdl /Od /Oy- /D WIN32 /D _DEBUG /D _CONSOLE /D _CRT_SECURE_NO_WARNINGS /D _UNICODE /D UNICODE /Gm /EHsc /RTC1 /MDd /GS /fp:precise /Zc:wchar_t /Zc:forScope /Yc"stdafx.h" /Fp"Debug\Game_Application.pch" /Fo"Debug\\" /Fd"Debug\vc110.pdb" /Gd /TP /analyze- /errorReport:prompt stdafx.cpp
         stdafx.cpp
         C:\Program Files (x86)\Microsoft Visual Studio 11.0\VC\bin\CL.exe /c /ZI /nologo /W3 /WX- /sdl /Od /Oy- /D WIN32 /D _DEBUG /D _CONSOLE /D _CRT_SECURE_NO_WARNINGS /D _UNICODE /D UNICODE /Gm /EHsc /RTC1 /MDd /GS /fp:precise /Zc:wchar_t /Zc:forScope /Yu"stdafx.h" /Fp"Debug\Game_Application.pch" /Fo"Debug\\" /Fd"Debug\vc110.pdb" /Gd /TP /analyze- /errorReport:prompt Blackjack_Functions.cpp Blackjack_main.cpp Game_Application.cpp Other_Functions.cpp Quiz.cpp Quiz_Functions.cpp
         Quiz_Functions.cpp
         Quiz.cpp
         Other_Functions.cpp
     1>c:\users\catherine\documents\visual studio 2012\projects\game_application\game_application\game_application\other_functions.cpp(63): warning C4244: 'argument' : conversion from 'time_t' to 'unsigned int', possible loss of data
     1>c:\users\catherine\documents\visual studio 2012\projects\game_application\game_application\game_application\other_functions.cpp(203): warning C4244: 'argument' : conversion from 'time_t' to 'unsigned int', possible loss of data
         Game_Application.cpp
         Blackjack_main.cpp
         Blackjack_Functions.cpp
     1>c:\users\catherine\documents\visual studio 2012\projects\game_application\game_application\game_application\blackjack_functions.cpp(53): warning C4244: '=' : conversion from 'int' to 'float', possible loss of data
     1>c:\users\catherine\documents\visual studio 2012\projects\game_application\game_application\game_application\blackjack_functions.cpp(54): warning C4244: '=' : conversion from 'float' to 'int', possible loss of data
     1>c:\users\catherine\documents\visual studio 2012\projects\game_application\game_application\game_application\blackjack_functions.cpp(86): warning C4244: 'argument' : conversion from 'time_t' to 'unsigned int', possible loss of data
     1>c:\users\catherine\documents\visual studio 2012\projects\game_application\game_application\game_application\blackjack_functions.cpp(174): warning C4244: '=' : conversion from 'double' to 'float', possible loss of data
         Generating Code...
     1>c:\users\catherine\documents\visual studio 2012\projects\game_application\game_application\game_application\blackjack_functions.cpp(164): warning C4715: 'results' : not all control paths return a value
       Link:
         C:\Program Files (x86)\Microsoft Visual Studio 11.0\VC\bin\link.exe /ERRORREPORT:PROMPT /OUT:"C:\Users\Catherine\Documents\Visual Studio 2012\Projects\Game_Application\Game_Application\Debug\Game_Application.exe" /INCREMENTAL /NOLOGO kernel32.lib user32.lib gdi32.lib winspool.lib comdlg32.lib advapi32.lib shell32.lib ole32.lib oleaut32.lib uuid.lib odbc32.lib odbccp32.lib /MANIFEST /MANIFESTUAC:"level='asInvoker' uiAccess='false'" /manifest:embed /DEBUG /PDB:"C:\Users\Catherine\Documents\Visual Studio 2012\Projects\Game_Application\Game_Application\Debug\Game_Application.pdb" /SUBSYSTEM:CONSOLE /TLBID:1 /DYNAMICBASE /NXCOMPAT /IMPLIB:"C:\Users\Catherine\Documents\Visual Studio 2012\Projects\Game_Application\Game_Application\Debug\Game_Application.lib" /MACHINE:X86 Debug\Blackjack_Functions.obj
         Debug\Blackjack_main.obj
         Debug\Game_Application.obj
         Debug\Other_Functions.obj
         Debug\Quiz.obj
         Debug\Quiz_Functions.obj
         Debug\stdafx.obj
         Game_Application.vcxproj -> C:\Users\Catherine\Documents\Visual Studio 2012\Projects\Game_Application\Game_Application\Debug\Game_Application.exe
     1>Done Building Project "C:\Users\Catherine\Documents\Visual Studio 2012\Projects\Game_Application\Game_Application\Game_Application\Game_Application.vcxproj" (Rebuild target(s)).

Build succeeded.

Time Elapsed 00:00:00.83
