C:\USERS\CATHERINE\DOCUMENTS\VISUAL STUDIO 2012\PROJECTS\GAME_APPLICATION\GAME_APPLICATION\GAME_APPLICATION\DEBUG\GAME_APPLICATION.PCH
C:\USERS\CATHERINE\DOCUMENTS\VISUAL STUDIO 2012\PROJECTS\GAME_APPLICATION\GAME_APPLICATION\GAME_APPLICATION\DEBUG\STDAFX.OBJ
C:\USERS\CATHERINE\DOCUMENTS\VISUAL STUDIO 2012\PROJECTS\GAME_APPLICATION\GAME_APPLICATION\GAME_APPLICATION\DEBUG\VC110.PDB
C:\USERS\CATHERINE\DOCUMENTS\VISUAL STUDIO 2012\PROJECTS\GAME_APPLICATION\GAME_APPLICATION\GAME_APPLICATION\DEBUG\BLACKJACK_FUNCTIONS.OBJ
C:\USERS\CATHERINE\DOCUMENTS\VISUAL STUDIO 2012\PROJECTS\GAME_APPLICATION\GAME_APPLICATION\GAME_APPLICATION\DEBUG\BLACKJACK_MAIN.OBJ
C:\USERS\CATHERINE\DOCUMENTS\VISUAL STUDIO 2012\PROJECTS\GAME_APPLICATION\GAME_APPLICATION\GAME_APPLICATION\DEBUG\GAME_APPLICATION.OBJ
C:\USERS\CATHERINE\DOCUMENTS\VISUAL STUDIO 2012\PROJECTS\GAME_APPLICATION\GAME_APPLICATION\GAME_APPLICATION\DEBUG\OTHER_FUNCTIONS.OBJ
C:\USERS\CATHERINE\DOCUMENTS\VISUAL STUDIO 2012\PROJECTS\GAME_APPLICATION\GAME_APPLICATION\GAME_APPLICATION\DEBUG\QUIZ.OBJ
C:\USERS\CATHERINE\DOCUMENTS\VISUAL STUDIO 2012\PROJECTS\GAME_APPLICATION\GAME_APPLICATION\GAME_APPLICATION\DEBUG\QUIZ_FUNCTIONS.OBJ
C:\USERS\CATHERINE\DOCUMENTS\VISUAL STUDIO 2012\PROJECTS\GAME_APPLICATION\GAME_APPLICATION\DEBUG\GAME_APPLICATION.ILK
C:\USERS\CATHERINE\DOCUMENTS\VISUAL STUDIO 2012\PROJECTS\GAME_APPLICATION\GAME_APPLICATION\DEBUG\GAME_APPLICATION.EXE
C:\USERS\CATHERINE\DOCUMENTS\VISUAL STUDIO 2012\PROJECTS\GAME_APPLICATION\GAME_APPLICATION\DEBUG\GAME_APPLICATION.PDB
C:\Users\Catherine\Documents\Visual Studio 2012\Projects\Game_Application\Game_Application\Game_Application\Debug\Blackjack_Functions.obj
C:\Users\Catherine\Documents\Visual Studio 2012\Projects\Game_Application\Game_Application\Game_Application\Debug\Blackjack_main.obj
C:\Users\Catherine\Documents\Visual Studio 2012\Projects\Game_Application\Game_Application\Game_Application\Debug\Game_Application.obj
C:\Users\Catherine\Documents\Visual Studio 2012\Projects\Game_Application\Game_Application\Game_Application\Debug\Other_Functions.obj
C:\Users\Catherine\Documents\Visual Studio 2012\Projects\Game_Application\Game_Application\Game_Application\Debug\Quiz.obj
C:\Users\Catherine\Documents\Visual Studio 2012\Projects\Game_Application\Game_Application\Game_Application\Debug\Quiz_Functions.obj
C:\Users\Catherine\Documents\Visual Studio 2012\Projects\Game_Application\Game_Application\Game_Application\Debug\stdafx.obj
C:\Users\Catherine\Documents\Visual Studio 2012\Projects\Game_Application\Game_Application\Game_Application\Debug\cl.command.1.tlog
C:\Users\Catherine\Documents\Visual Studio 2012\Projects\Game_Application\Game_Application\Game_Application\Debug\CL.read.1.tlog
C:\Users\Catherine\Documents\Visual Studio 2012\Projects\Game_Application\Game_Application\Game_Application\Debug\CL.write.1.tlog
C:\Users\Catherine\Documents\Visual Studio 2012\Projects\Game_Application\Game_Application\Game_Application\Debug\link-cvtres.read.1.tlog
C:\Users\Catherine\Documents\Visual Studio 2012\Projects\Game_Application\Game_Application\Game_Application\Debug\link-cvtres.write.1.tlog
C:\Users\Catherine\Documents\Visual Studio 2012\Projects\Game_Application\Game_Application\Game_Application\Debug\link-rc.read.1.tlog
C:\Users\Catherine\Documents\Visual Studio 2012\Projects\Game_Application\Game_Application\Game_Application\Debug\link-rc.write.1.tlog
C:\Users\Catherine\Documents\Visual Studio 2012\Projects\Game_Application\Game_Application\Game_Application\Debug\link.command.1.tlog
C:\Users\Catherine\Documents\Visual Studio 2012\Projects\Game_Application\Game_Application\Game_Application\Debug\link.read.1.tlog
C:\Users\Catherine\Documents\Visual Studio 2012\Projects\Game_Application\Game_Application\Game_Application\Debug\link.write.1.tlog
C:\Users\Catherine\Documents\Visual Studio 2012\Projects\Game_Application\Game_Application\Game_Application\Debug\Game_Application.pch
C:\Users\Catherine\Documents\Visual Studio 2012\Projects\Game_Application\Game_Application\Game_Application\Debug\vc110.idb
C:\Users\Catherine\Documents\Visual Studio 2012\Projects\Game_Application\Game_Application\Game_Application\Debug\vc110.pdb
C:\Users\Catherine\Documents\Visual Studio 2012\Projects\Game_Application\Game_Application\Debug\Game_Application.pdb
C:\Users\Catherine\Documents\Visual Studio 2012\Projects\Game_Application\Game_Application\Debug\Game_Application.exe
C:\Users\Catherine\Documents\Visual Studio 2012\Projects\Game_Application\Game_Application\Debug\Game_Application.ilk
